<?xml version="1.0" encoding="UTF-8"?>
<coverage generated="1766248215">
  <project timestamp="1766248215" name="Clover Coverage">
    <package name="AEATech\WebSnapshotProfilerXhprofBundle">
      <file name="/app/src/AEATechWebSnapshotProfilerXhprofBundle.php">
        <class name="AEATech\WebSnapshotProfilerXhprofBundle\AEATechWebSnapshotProfilerXhprofBundle" namespace="AEATech\WebSnapshotProfilerXhprofBundle">
          <metrics complexity="18" methods="11" coveredmethods="11" conditionals="0" coveredconditionals="0" statements="198" coveredstatements="198" elements="209" coveredelements="209"/>
        </class>
        <line num="60" type="method" name="getRouteToRandProbability" visibility="public" complexity="2" crap="2" count="8"/>
        <line num="62" type="stmt" count="8"/>
        <line num="64" type="stmt" count="8"/>
        <line num="65" type="stmt" count="8"/>
        <line num="66" type="stmt" count="8"/>
        <line num="67" type="stmt" count="8"/>
        <line num="68" type="stmt" count="7"/>
        <line num="71" type="stmt" count="8"/>
        <line num="74" type="method" name="configure" visibility="public" complexity="1" crap="1" count="6"/>
        <line num="76" type="stmt" count="6"/>
        <line num="77" type="stmt" count="6"/>
        <line num="78" type="stmt" count="6"/>
        <line num="79" type="stmt" count="6"/>
        <line num="80" type="stmt" count="6"/>
        <line num="81" type="stmt" count="6"/>
        <line num="82" type="stmt" count="6"/>
        <line num="83" type="stmt" count="6"/>
        <line num="84" type="stmt" count="6"/>
        <line num="85" type="stmt" count="6"/>
        <line num="86" type="stmt" count="6"/>
        <line num="87" type="stmt" count="6"/>
        <line num="88" type="stmt" count="6"/>
        <line num="89" type="stmt" count="6"/>
        <line num="90" type="stmt" count="6"/>
        <line num="91" type="stmt" count="6"/>
        <line num="92" type="stmt" count="6"/>
        <line num="93" type="stmt" count="6"/>
        <line num="94" type="stmt" count="6"/>
        <line num="95" type="stmt" count="6"/>
        <line num="96" type="stmt" count="6"/>
        <line num="97" type="stmt" count="6"/>
        <line num="98" type="stmt" count="6"/>
        <line num="99" type="stmt" count="6"/>
        <line num="100" type="stmt" count="6"/>
        <line num="101" type="stmt" count="6"/>
        <line num="102" type="stmt" count="6"/>
        <line num="103" type="stmt" count="6"/>
        <line num="104" type="stmt" count="6"/>
        <line num="105" type="stmt" count="6"/>
        <line num="106" type="stmt" count="6"/>
        <line num="107" type="stmt" count="6"/>
        <line num="108" type="stmt" count="6"/>
        <line num="109" type="stmt" count="6"/>
        <line num="110" type="stmt" count="6"/>
        <line num="111" type="stmt" count="6"/>
        <line num="112" type="stmt" count="6"/>
        <line num="113" type="stmt" count="6"/>
        <line num="114" type="stmt" count="6"/>
        <line num="115" type="stmt" count="6"/>
        <line num="116" type="stmt" count="6"/>
        <line num="117" type="stmt" count="6"/>
        <line num="118" type="stmt" count="6"/>
        <line num="119" type="stmt" count="6"/>
        <line num="120" type="stmt" count="6"/>
        <line num="121" type="stmt" count="6"/>
        <line num="122" type="stmt" count="6"/>
        <line num="123" type="stmt" count="6"/>
        <line num="124" type="stmt" count="6"/>
        <line num="125" type="stmt" count="6"/>
        <line num="126" type="stmt" count="6"/>
        <line num="127" type="stmt" count="6"/>
        <line num="128" type="stmt" count="6"/>
        <line num="129" type="stmt" count="6"/>
        <line num="130" type="stmt" count="6"/>
        <line num="131" type="stmt" count="6"/>
        <line num="132" type="stmt" count="6"/>
        <line num="133" type="stmt" count="6"/>
        <line num="134" type="stmt" count="6"/>
        <line num="135" type="stmt" count="6"/>
        <line num="136" type="stmt" count="6"/>
        <line num="137" type="stmt" count="6"/>
        <line num="138" type="stmt" count="6"/>
        <line num="139" type="stmt" count="6"/>
        <line num="140" type="stmt" count="6"/>
        <line num="141" type="stmt" count="6"/>
        <line num="142" type="stmt" count="6"/>
        <line num="143" type="stmt" count="6"/>
        <line num="144" type="stmt" count="6"/>
        <line num="145" type="stmt" count="6"/>
        <line num="146" type="stmt" count="6"/>
        <line num="147" type="stmt" count="6"/>
        <line num="148" type="stmt" count="6"/>
        <line num="149" type="stmt" count="6"/>
        <line num="150" type="stmt" count="6"/>
        <line num="151" type="stmt" count="6"/>
        <line num="152" type="stmt" count="6"/>
        <line num="153" type="stmt" count="6"/>
        <line num="154" type="stmt" count="6"/>
        <line num="155" type="stmt" count="6"/>
        <line num="156" type="stmt" count="6"/>
        <line num="157" type="stmt" count="6"/>
        <line num="158" type="stmt" count="6"/>
        <line num="159" type="stmt" count="6"/>
        <line num="160" type="stmt" count="6"/>
        <line num="161" type="stmt" count="6"/>
        <line num="162" type="stmt" count="6"/>
        <line num="163" type="stmt" count="6"/>
        <line num="164" type="stmt" count="6"/>
        <line num="165" type="stmt" count="6"/>
        <line num="166" type="stmt" count="6"/>
        <line num="167" type="stmt" count="6"/>
        <line num="168" type="stmt" count="6"/>
        <line num="169" type="stmt" count="6"/>
        <line num="170" type="stmt" count="6"/>
        <line num="171" type="stmt" count="6"/>
        <line num="172" type="stmt" count="6"/>
        <line num="173" type="stmt" count="6"/>
        <line num="174" type="stmt" count="6"/>
        <line num="175" type="stmt" count="6"/>
        <line num="176" type="stmt" count="6"/>
        <line num="177" type="stmt" count="6"/>
        <line num="178" type="stmt" count="6"/>
        <line num="179" type="stmt" count="6"/>
        <line num="180" type="stmt" count="6"/>
        <line num="181" type="stmt" count="6"/>
        <line num="182" type="stmt" count="6"/>
        <line num="183" type="stmt" count="6"/>
        <line num="184" type="stmt" count="6"/>
        <line num="185" type="stmt" count="6"/>
        <line num="186" type="stmt" count="6"/>
        <line num="187" type="stmt" count="6"/>
        <line num="188" type="stmt" count="6"/>
        <line num="189" type="stmt" count="6"/>
        <line num="190" type="stmt" count="6"/>
        <line num="191" type="stmt" count="6"/>
        <line num="192" type="stmt" count="6"/>
        <line num="193" type="stmt" count="6"/>
        <line num="194" type="stmt" count="6"/>
        <line num="195" type="stmt" count="6"/>
        <line num="196" type="stmt" count="6"/>
        <line num="197" type="stmt" count="6"/>
        <line num="198" type="stmt" count="6"/>
        <line num="199" type="stmt" count="6"/>
        <line num="200" type="stmt" count="6"/>
        <line num="201" type="stmt" count="6"/>
        <line num="202" type="stmt" count="6"/>
        <line num="203" type="stmt" count="6"/>
        <line num="206" type="method" name="loadExtension" visibility="public" complexity="2" crap="2" count="6"/>
        <line num="208" type="stmt" count="6"/>
        <line num="209" type="stmt" count="5"/>
        <line num="211" type="stmt" count="5"/>
        <line num="213" type="stmt" count="5"/>
        <line num="215" type="stmt" count="5"/>
        <line num="216" type="stmt" count="5"/>
        <line num="217" type="stmt" count="5"/>
        <line num="218" type="stmt" count="5"/>
        <line num="229" type="method" name="initFilter" visibility="private" complexity="1" crap="1" count="5"/>
        <line num="231" type="stmt" count="5"/>
        <line num="232" type="stmt" count="5"/>
        <line num="233" type="stmt" count="5"/>
        <line num="242" type="method" name="initProfilerBackend" visibility="private" complexity="1" crap="1" count="5"/>
        <line num="244" type="stmt" count="5"/>
        <line num="245" type="stmt" count="5"/>
        <line num="246" type="stmt" count="5"/>
        <line num="247" type="stmt" count="5"/>
        <line num="248" type="stmt" count="5"/>
        <line num="249" type="stmt" count="5"/>
        <line num="250" type="stmt" count="5"/>
        <line num="251" type="stmt" count="5"/>
        <line num="252" type="stmt" count="5"/>
        <line num="253" type="stmt" count="5"/>
        <line num="255" type="stmt" count="5"/>
        <line num="256" type="stmt" count="5"/>
        <line num="265" type="method" name="initAdapter" visibility="private" complexity="1" crap="1" count="5"/>
        <line num="267" type="stmt" count="5"/>
        <line num="268" type="stmt" count="5"/>
        <line num="269" type="stmt" count="5"/>
        <line num="270" type="stmt" count="5"/>
        <line num="272" type="stmt" count="5"/>
        <line num="273" type="stmt" count="5"/>
        <line num="282" type="method" name="initEventMatcher" visibility="private" complexity="3" crap="3" count="5"/>
        <line num="284" type="stmt" count="5"/>
        <line num="286" type="stmt" count="5"/>
        <line num="287" type="stmt" count="5"/>
        <line num="288" type="stmt" count="1"/>
        <line num="290" type="stmt" count="4"/>
        <line num="291" type="stmt" count="4"/>
        <line num="292" type="stmt" count="4"/>
        <line num="295" type="stmt" count="5"/>
        <line num="296" type="stmt" count="4"/>
        <line num="306" type="method" name="initAllEventMatcher" visibility="private" complexity="1" crap="1" count="1"/>
        <line num="308" type="stmt" count="1"/>
        <line num="318" type="method" name="initHeaderEventMatcher" visibility="private" complexity="2" crap="2" count="4"/>
        <line num="323" type="stmt" count="4"/>
        <line num="325" type="stmt" count="4"/>
        <line num="326" type="stmt" count="1"/>
        <line num="327" type="stmt" count="1"/>
        <line num="328" type="stmt" count="1"/>
        <line num="330" type="stmt" count="1"/>
        <line num="341" type="method" name="initRequestParamAwareRouteEventMatcher" visibility="private" complexity="2" crap="2" count="4"/>
        <line num="346" type="stmt" count="4"/>
        <line num="348" type="stmt" count="4"/>
        <line num="349" type="stmt" count="1"/>
        <line num="350" type="stmt" count="1"/>
        <line num="351" type="stmt" count="1"/>
        <line num="352" type="stmt" count="1"/>
        <line num="353" type="stmt" count="1"/>
        <line num="355" type="stmt" count="1"/>
        <line num="356" type="stmt" count="1"/>
        <line num="358" type="stmt" count="1"/>
        <line num="369" type="method" name="initRouteEventMatcher" visibility="private" complexity="2" crap="2" count="4"/>
        <line num="374" type="stmt" count="4"/>
        <line num="376" type="stmt" count="4"/>
        <line num="377" type="stmt" count="1"/>
        <line num="378" type="stmt" count="1"/>
        <line num="379" type="stmt" count="1"/>
        <line num="381" type="stmt" count="1"/>
        <line num="382" type="stmt" count="1"/>
        <line num="384" type="stmt" count="1"/>
        <metrics loc="388" ncloc="331" classes="1" methods="11" coveredmethods="11" conditionals="0" coveredconditionals="0" statements="198" coveredstatements="198" elements="209" coveredelements="209"/>
      </file>
      <file name="/app/src/OptionsFactory.php">
        <class name="AEATech\WebSnapshotProfilerXhprofBundle\OptionsFactory" namespace="AEATech\WebSnapshotProfilerXhprofBundle">
          <metrics complexity="1" methods="1" coveredmethods="1" conditionals="0" coveredconditionals="0" statements="1" coveredstatements="1" elements="2" coveredelements="2"/>
        </class>
        <line num="16" type="method" name="factory" visibility="public" complexity="1" crap="1" count="1"/>
        <line num="18" type="stmt" count="1"/>
        <metrics loc="21" ncloc="18" classes="1" methods="1" coveredmethods="1" conditionals="0" coveredconditionals="0" statements="1" coveredstatements="1" elements="2" coveredelements="2"/>
      </file>
    </package>
    <metrics files="2" loc="409" ncloc="349" classes="2" methods="12" coveredmethods="12" conditionals="0" coveredconditionals="0" statements="199" coveredstatements="199" elements="211" coveredelements="211"/>
  </project>
</coverage>
